
ROM used: 783 (38%)
          783 (38%) including unused fragments

          0 Average locations per line
          2 Average locations per statement

RAM used: 13 (6%) at main() level
          31 (14%) worst case

Stack used: 3 worst case (out of 8 total available)

Lines Stmts  %   Files
----- ----- ---  -----
   14     5   1  main.c
  224     0   0  C:\Program Files\PICC\devices\16F628A.h
  364   132  33  drive3310.c
 2182   260  65  C:\Program Files\PICC\drivers\math.h
----- -----
 2784   397 Total

Page ROM  %  RAM   Vol Diff  Functions:
---- --- --- ---   --- ----  ----------
 Inline        1             @delay_ms1
0    244  31   0             @const66
0    250  32   0             @const68
0     91  12   0   268  1.4  nokia_init
 Inline        0   114  3.4  nokia_clean_ddram
0     16   2   1    78  1.3  nokia_write_command
0     16   2   1    78  1.3  nokia_write_data
0     31   4   3   274  5.8  nokia_write_dorc
 Inline        3   106  2.8  nokia_gotoxy
0     60   8   1    37  1.7  nokia_printchar
 Inline        2   547  7.6  table_to_nokialcd
0     37   5   2             @MUL88
0     20   3   2    80  1.8  MAIN
0     14   2   0             @const252

Program metrics:
    Functions               9
    Statements              397
    Comments                467
    Volume (V)              2525
    Difficilty (D)          26.1
    Effort to implement (E) 65941
    Time to implement (T)   1 hours, 1 minutes
    Est Delivered Bugs (B)  1
    Cyclomatic Complexity   8
    Maintainability (MI)    31

 Segment     Used  Free
-----------  ----  ----
00000-00003     4  0  
00004-007FF   779  1265  



